<?xml version="1.0" encoding="UTF-8"?>
<testsuite name="ApplicationUnitTest" tests="1" skipped="0" failures="0" errors="0" timestamp="2018-12-17T20:19:10" hostname="MOEXT_LAVER" time="0.25">
  <properties/>
  <testcase name="shouldSendMessaje" classname="ApplicationUnitTest" time="0.25"/>
  <system-out><![CDATA[]]></system-out>
  <system-err><![CDATA[]]></system-err>
</testsuite>
